<?xml version="1.0" encoding="UTF-8"?>
<testsuite name="online.renjilin.test.Test" tests="1" skipped="0" failures="0" errors="0" timestamp="2021-02-17T05:00:32" hostname="renjilindeMacBook-Pro.local" time="3.383">
  <properties/>
  <testcase name="test" classname="online.renjilin.test.Test" time="3.383"/>
  <system-out><![CDATA[13:00:29.432 [Test worker] DEBUG org.springframework.test.context.junit4.SpringJUnit4ClassRunner - SpringJUnit4ClassRunner constructor called with [class online.renjilin.test.Test]
13:00:29.445 [Test worker] DEBUG org.springframework.test.context.BootstrapUtils - Instantiating CacheAwareContextLoaderDelegate from class [org.springframework.test.context.cache.DefaultCacheAwareContextLoaderDelegate]
13:00:29.467 [Test worker] DEBUG org.springframework.test.context.BootstrapUtils - Instantiating BootstrapContext using constructor [public org.springframework.test.context.support.DefaultBootstrapContext(java.lang.Class,org.springframework.test.context.CacheAwareContextLoaderDelegate)]
13:00:29.521 [Test worker] DEBUG org.springframework.test.context.BootstrapUtils - Instantiating TestContextBootstrapper for test class [online.renjilin.test.Test] from class [org.springframework.boot.test.context.SpringBootTestContextBootstrapper]
13:00:29.553 [Test worker] INFO org.springframework.boot.test.context.SpringBootTestContextBootstrapper - Neither @ContextConfiguration nor @ContextHierarchy found for test class [online.renjilin.test.Test], using SpringBootContextLoader
13:00:29.558 [Test worker] DEBUG org.springframework.test.context.support.AbstractContextLoader - Did not detect default resource location for test class [online.renjilin.test.Test]: class path resource [online/renjilin/test/Test-context.xml] does not exist
13:00:29.571 [Test worker] DEBUG org.springframework.test.context.support.AbstractContextLoader - Did not detect default resource location for test class [online.renjilin.test.Test]: class path resource [online/renjilin/test/TestContext.groovy] does not exist
13:00:29.572 [Test worker] INFO org.springframework.test.context.support.AbstractContextLoader - Could not detect default resource locations for test class [online.renjilin.test.Test]: no resource found for suffixes {-context.xml, Context.groovy}.
13:00:29.578 [Test worker] INFO org.springframework.test.context.support.AnnotationConfigContextLoaderUtils - Could not detect default configuration classes for test class [online.renjilin.test.Test]: Test does not declare any static, non-private, non-final, nested classes annotated with @Configuration.
13:00:29.661 [Test worker] DEBUG org.springframework.test.context.support.ActiveProfilesUtils - Could not find an 'annotation declaring class' for annotation type [org.springframework.test.context.ActiveProfiles] and class [online.renjilin.test.Test]
13:00:29.765 [Test worker] DEBUG org.springframework.context.annotation.ClassPathScanningCandidateComponentProvider - Identified candidate component class: file [/Users/renjilin/Desktop/spring-cloud-interpret/eureka-interpretor/spring-test/build/classes/java/main/online/renjilin/TestApplication.class]
13:00:29.768 [Test worker] INFO org.springframework.boot.test.context.SpringBootTestContextBootstrapper - Found @SpringBootConfiguration online.renjilin.TestApplication for test class online.renjilin.test.Test
13:00:29.905 [Test worker] DEBUG org.springframework.boot.test.context.SpringBootTestContextBootstrapper - @TestExecutionListeners is not present for class [online.renjilin.test.Test]: using defaults.
13:00:29.906 [Test worker] INFO org.springframework.boot.test.context.SpringBootTestContextBootstrapper - Loaded default TestExecutionListener class names from location [META-INF/spring.factories]: [org.springframework.boot.test.autoconfigure.restdocs.RestDocsTestExecutionListener, org.springframework.boot.test.autoconfigure.web.client.MockRestServiceServerResetTestExecutionListener, org.springframework.boot.test.autoconfigure.web.servlet.MockMvcPrintOnlyOnFailureTestExecutionListener, org.springframework.boot.test.autoconfigure.web.servlet.WebDriverTestExecutionListener, org.springframework.boot.test.mock.mockito.MockitoTestExecutionListener, org.springframework.boot.test.mock.mockito.ResetMocksTestExecutionListener, org.springframework.test.context.web.ServletTestExecutionListener, org.springframework.test.context.support.DirtiesContextBeforeModesTestExecutionListener, org.springframework.test.context.support.DependencyInjectionTestExecutionListener, org.springframework.test.context.support.DirtiesContextTestExecutionListener, org.springframework.test.context.transaction.TransactionalTestExecutionListener, org.springframework.test.context.jdbc.SqlScriptsTestExecutionListener, org.springframework.test.context.event.EventPublishingTestExecutionListener]
13:00:29.927 [Test worker] DEBUG org.springframework.boot.test.context.SpringBootTestContextBootstrapper - Skipping candidate TestExecutionListener [org.springframework.test.context.transaction.TransactionalTestExecutionListener] due to a missing dependency. Specify custom listener classes or make the default listener classes and their required dependencies available. Offending class: [org/springframework/transaction/TransactionDefinition]
13:00:29.927 [Test worker] DEBUG org.springframework.boot.test.context.SpringBootTestContextBootstrapper - Skipping candidate TestExecutionListener [org.springframework.test.context.jdbc.SqlScriptsTestExecutionListener] due to a missing dependency. Specify custom listener classes or make the default listener classes and their required dependencies available. Offending class: [org/springframework/transaction/interceptor/TransactionAttribute]
13:00:29.928 [Test worker] INFO org.springframework.boot.test.context.SpringBootTestContextBootstrapper - Using TestExecutionListeners: [org.springframework.test.context.web.ServletTestExecutionListener@77d16193, org.springframework.test.context.support.DirtiesContextBeforeModesTestExecutionListener@747454ed, org.springframework.boot.test.mock.mockito.MockitoTestExecutionListener@3d54a1aa, org.springframework.boot.test.autoconfigure.SpringBootDependencyInjectionTestExecutionListener@2fae9fd1, org.springframework.test.context.support.DirtiesContextTestExecutionListener@530fbe4e, org.springframework.test.context.event.EventPublishingTestExecutionListener@50a5bfe, org.springframework.boot.test.autoconfigure.restdocs.RestDocsTestExecutionListener@1dcbe304, org.springframework.boot.test.autoconfigure.web.client.MockRestServiceServerResetTestExecutionListener@46c0a77b, org.springframework.boot.test.autoconfigure.web.servlet.MockMvcPrintOnlyOnFailureTestExecutionListener@68139c23, org.springframework.boot.test.autoconfigure.web.servlet.WebDriverTestExecutionListener@3f11ef74, org.springframework.boot.test.mock.mockito.ResetMocksTestExecutionListener@7d80e851]
13:00:29.933 [Test worker] DEBUG org.springframework.test.annotation.ProfileValueUtils - Retrieved @ProfileValueSourceConfiguration [null] for test class [online.renjilin.test.Test]
13:00:29.934 [Test worker] DEBUG org.springframework.test.annotation.ProfileValueUtils - Retrieved ProfileValueSource type [class org.springframework.test.annotation.SystemProfileValueSource] for class [online.renjilin.test.Test]
13:00:29.938 [Test worker] DEBUG org.springframework.test.annotation.ProfileValueUtils - Retrieved @ProfileValueSourceConfiguration [null] for test class [online.renjilin.test.Test]
13:00:29.938 [Test worker] DEBUG org.springframework.test.annotation.ProfileValueUtils - Retrieved ProfileValueSource type [class org.springframework.test.annotation.SystemProfileValueSource] for class [online.renjilin.test.Test]
13:00:29.940 [Test worker] DEBUG org.springframework.test.annotation.ProfileValueUtils - Retrieved @ProfileValueSourceConfiguration [null] for test class [online.renjilin.test.Test]
13:00:29.940 [Test worker] DEBUG org.springframework.test.annotation.ProfileValueUtils - Retrieved ProfileValueSource type [class org.springframework.test.annotation.SystemProfileValueSource] for class [online.renjilin.test.Test]
13:00:29.948 [Test worker] DEBUG org.springframework.test.context.support.AbstractDirtiesContextTestExecutionListener - Before test class: context [DefaultTestContext@2e07e398 testClass = Test, testInstance = [null], testMethod = [null], testException = [null], mergedContextConfiguration = [WebMergedContextConfiguration@45831ef9 testClass = Test, locations = '{}', classes = '{class online.renjilin.TestApplication}', contextInitializerClasses = '[]', activeProfiles = '{}', propertySourceLocations = '{}', propertySourceProperties = '{org.springframework.boot.test.context.SpringBootTestContextBootstrapper=true}', contextCustomizers = set[org.springframework.boot.test.autoconfigure.properties.PropertyMappingContextCustomizer@0, org.springframework.boot.test.autoconfigure.web.servlet.WebDriverContextCustomizerFactory$Customizer@fec0fcb, org.springframework.boot.test.context.filter.ExcludeFilterContextCustomizer@1418cf54, org.springframework.boot.test.json.DuplicateJsonObjectContextCustomizerFactory$DuplicateJsonObjectContextCustomizer@38dc5549, org.springframework.boot.test.mock.mockito.MockitoContextCustomizer@0, org.springframework.boot.test.web.client.TestRestTemplateContextCustomizer@5ff49ad5], resourceBasePath = 'src/main/webapp', contextLoader = 'org.springframework.boot.test.context.SpringBootContextLoader', parent = [null]], attributes = map['org.springframework.test.context.web.ServletTestExecutionListener.activateListener' -> true]], class annotated with @DirtiesContext [false] with mode [null].
13:00:29.951 [Test worker] DEBUG org.springframework.test.annotation.ProfileValueUtils - Retrieved @ProfileValueSourceConfiguration [null] for test class [online.renjilin.test.Test]
13:00:29.951 [Test worker] DEBUG org.springframework.test.annotation.ProfileValueUtils - Retrieved ProfileValueSource type [class org.springframework.test.annotation.SystemProfileValueSource] for class [online.renjilin.test.Test]
13:00:29.981 [Test worker] DEBUG org.springframework.test.context.support.TestPropertySourceUtils - Adding inlined properties to environment: {spring.jmx.enabled=false, org.springframework.boot.test.context.SpringBootTestContextBootstrapper=true, server.port=-1}

  .   ____          _            __ _ _
 /\\ / ___'_ __ _ _(_)_ __  __ _ \ \ \ \
( ( )\___ | '_ | '_| | '_ \/ _` | \ \ \ \
 \\/  ___)| |_)| | | | | || (_| |  ) ) ) )
  '  |____| .__|_| |_|_| |_\__, | / / / /
 =========|_|==============|___/=/_/_/_/
 :: Spring Boot ::        (v2.2.6.RELEASE)

2021-02-17 13:00:30.538  INFO 22465 --- [    Test worker] online.renjilin.test.Test                : Starting Test on renjilindeMacBook-Pro.local with PID 22465 (started by renjilin in /Users/renjilin/Desktop/spring-cloud-interpret/eureka-interpretor/spring-test)
2021-02-17 13:00:30.541  INFO 22465 --- [    Test worker] online.renjilin.test.Test                : No active profile set, falling back to default profiles: default
2021-02-17 13:00:32.492  INFO 22465 --- [    Test worker] o.s.s.concurrent.ThreadPoolTaskExecutor  : Initializing ExecutorService 'applicationTaskExecutor'
2021-02-17 13:00:32.918  INFO 22465 --- [    Test worker] online.renjilin.test.Test                : Started Test in 2.923 seconds (JVM running for 4.414)
限流了
限流了
限流了
限流了
限流了
限流了
限流了
限流了
限流了
order2
限流了
限流了
限流了
限流了
限流了
限流了
限流了
限流了
限流了
order1
]]></system-out>
  <system-err><![CDATA[]]></system-err>
</testsuite>
